<?xml version="1.0" encoding="UTF-8"?>
<testng-results skipped="0" failed="0" total="2" passed="2">
  <reporter-output>
  </reporter-output>
  <suite name="Default suite" duration-ms="35" started-at="2016-05-02T10:58:03Z" finished-at="2016-05-02T10:58:03Z">
    <groups>
    </groups>
    <test name="Default test" duration-ms="35" started-at="2016-05-02T10:58:03Z" finished-at="2016-05-02T10:58:03Z">
      <class name="learn.MavenProject.FirstTest">
        <test-method status="PASS" signature="test1()[pri:0, instance:learn.MavenProject.FirstTest@d8355a8]" name="test1" duration-ms="14" started-at="2016-05-02T13:58:03Z" finished-at="2016-05-02T13:58:03Z">
          <reporter-output>
          </reporter-output>
        </test-method> <!-- test1 -->
        <test-method status="PASS" signature="test2()[pri:0, instance:learn.MavenProject.FirstTest@d8355a8]" name="test2" duration-ms="2" started-at="2016-05-02T13:58:03Z" finished-at="2016-05-02T13:58:03Z">
          <reporter-output>
          </reporter-output>
        </test-method> <!-- test2 -->
      </class> <!-- learn.MavenProject.FirstTest -->
    </test> <!-- Default test -->
  </suite> <!-- Default suite -->
</testng-results>
